Build started 5/31/2016 16:14:17.
     1>Project "C:\Users\Luna\Programming Projects\IGMTutorial\Graphics\Spatial Partitioning\Quad_Tree-GLFW\Quad_Tree-GLFW\Quad_Tree-GLFW.vcxproj" on node 2 (Build target(s)).
     1>ClCompile:
         C:\Program Files (x86)\Microsoft Visual Studio 12.0\VC\bin\CL.exe /c /ZI /nologo /W3 /WX- /Od /Oy- /D WIN32 /D _DEBUG /D _CONSOLE /D _LIB /D _UNICODE /D UNICODE /Gm /EHsc /RTC1 /MDd /GS /fp:precise /Zc:wchar_t /Zc:forScope /Fo"Debug\\" /Fd"Debug\vc120.pdb" /Gd /TP /analyze- /errorReport:prompt Init_Shader.cpp InputManager.cpp InteractiveShape.cpp main.cpp QuadTreeManager.cpp RenderManager.cpp RenderShape.cpp
         RenderShape.cpp
         RenderManager.cpp
         QuadTreeManager.cpp
         main.cpp
         InteractiveShape.cpp
     1>c:\users\luna\programming projects\igmtutorial\graphics\spatial partitioning\quad_tree-glfw\quad_tree-glfw\interactiveshape.cpp(91): warning C4172: returning address of local variable or temporary
         InputManager.cpp
         Init_Shader.cpp
         Generating Code...
     1>c:\users\luna\programming projects\igmtutorial\graphics\spatial partitioning\quad_tree-glfw\quad_tree-glfw\quadtreemanager.cpp(105): warning C4715: 'QuadTreeManager::GetNearbyShapes' : not all control paths return a value
       Link:
         C:\Program Files (x86)\Microsoft Visual Studio 12.0\VC\bin\link.exe /ERRORREPORT:PROMPT /OUT:"C:\Users\Luna\Programming Projects\IGMTutorial\Graphics\Spatial Partitioning\Quad_Tree-GLFW\Debug\Quad_Tree-GLFW.exe" /INCREMENTAL /NOLOGO opengl32.lib glew32.lib glfw3.lib kernel32.lib user32.lib gdi32.lib winspool.lib comdlg32.lib advapi32.lib shell32.lib ole32.lib oleaut32.lib uuid.lib odbc32.lib odbccp32.lib /MANIFEST /MANIFESTUAC:"level='asInvoker' uiAccess='false'" /manifest:embed /DEBUG /PDB:"C:\Users\Luna\Programming Projects\IGMTutorial\Graphics\Spatial Partitioning\Quad_Tree-GLFW\Debug\Quad_Tree-GLFW.pdb" /SUBSYSTEM:CONSOLE /TLBID:1 /DYNAMICBASE /NXCOMPAT /IMPLIB:"C:\Users\Luna\Programming Projects\IGMTutorial\Graphics\Spatial Partitioning\Quad_Tree-GLFW\Debug\Quad_Tree-GLFW.lib" /MACHINE:X86 /PROFILE Debug\Init_Shader.obj
         Debug\InputManager.obj
         Debug\InteractiveShape.obj
         Debug\main.obj
         Debug\QuadTreeManager.obj
         Debug\RenderManager.obj
         Debug\RenderShape.obj
     1>LINK : warning LNK4075: ignoring '/INCREMENTAL' due to '/PROFILE' specification
     1>Init_Shader.obj : warning LNK4075: ignoring '/EDITANDCONTINUE' due to '/OPT:LBR' specification
     1>LINK : warning LNK4098: defaultlib 'MSVCRT' conflicts with use of other libs; use /NODEFAULTLIB:library
         Quad_Tree-GLFW.vcxproj -> C:\Users\Luna\Programming Projects\IGMTutorial\Graphics\Spatial Partitioning\Quad_Tree-GLFW\Debug\Quad_Tree-GLFW.exe
     1>Done Building Project "C:\Users\Luna\Programming Projects\IGMTutorial\Graphics\Spatial Partitioning\Quad_Tree-GLFW\Quad_Tree-GLFW\Quad_Tree-GLFW.vcxproj" (Build target(s)).

Build succeeded.

Time Elapsed 00:00:03.07
